This is pdfTeX, Version 3.14159265-2.6-1.40.15 (TeX Live 2014) (preloaded format=pdflatex 2015.3.28)  6 APR 2015 04:44
entering extended mode
 restricted \write18 enabled.
 %&-line parsing enabled.
**"Medium Stakes 3 Response.tex"
(./Medium Stakes 3 Response.tex
LaTeX2e <2014/05/01>
Babel <3.9k> and hyphenation patterns for 21 languages loaded.
(/usr/local/texlive/2014basic/texmf-dist/tex/latex/base/article.cls
Document Class: article 2007/10/19 v1.4h Standard LaTeX document class
(/usr/local/texlive/2014basic/texmf-dist/tex/latex/base/size11.clo
File: size11.clo 2007/10/19 v1.4h Standard LaTeX file (size option)
)
\c@part=\count79
\c@section=\count80
\c@subsection=\count81
\c@subsubsection=\count82
\c@paragraph=\count83
\c@subparagraph=\count84
\c@figure=\count85
\c@table=\count86
\abovecaptionskip=\skip41
\belowcaptionskip=\skip42
\bibindent=\dimen102
)
(/usr/local/texlive/2014basic/texmf-dist/tex/latex/booktabs/booktabs.sty
Package: booktabs 2005/04/14 v1.61803 publication quality tables
\heavyrulewidth=\dimen103
\lightrulewidth=\dimen104
\cmidrulewidth=\dimen105
\belowrulesep=\dimen106
\belowbottomsep=\dimen107
\aboverulesep=\dimen108
\abovetopsep=\dimen109
\cmidrulesep=\dimen110
\cmidrulekern=\dimen111
\defaultaddspace=\dimen112
\@cmidla=\count87
\@cmidlb=\count88
\@aboverulesep=\dimen113
\@belowrulesep=\dimen114
\@thisruleclass=\count89
\@lastruleclass=\count90
\@thisrulewidth=\dimen115
)
(/usr/local/texlive/2014basic/texmf-dist/tex/latex/graphics/color.sty
Package: color 2014/04/23 v1.1a Standard LaTeX Color (DPC)

(/usr/local/texlive/2014basic/texmf-dist/tex/latex/latexconfig/color.cfg
File: color.cfg 2007/01/18 v1.5 color configuration of teTeX/TeXLive
)
Package color Info: Driver file: pdftex.def on input line 137.

(/usr/local/texlive/2014basic/texmf-dist/tex/latex/pdftex-def/pdftex.def
File: pdftex.def 2011/05/27 v0.06d Graphics/color for pdfTeX

(/usr/local/texlive/2014basic/texmf-dist/tex/generic/oberdiek/infwarerr.sty
Package: infwarerr 2010/04/08 v1.3 Providing info/warning/error messages (HO)
)
(/usr/local/texlive/2014basic/texmf-dist/tex/generic/oberdiek/ltxcmds.sty
Package: ltxcmds 2011/11/09 v1.22 LaTeX kernel commands for general use (HO)
)
\Gread@gobject=\count91
))
(/usr/local/texlive/2014basic/texmf-dist/tex/latex/rotating/rotating.sty
Package: rotating 2009/03/28 v2.16a rotated objects in LaTeX

(/usr/local/texlive/2014basic/texmf-dist/tex/latex/graphics/graphicx.sty
Package: graphicx 2014/04/25 v1.0g Enhanced LaTeX Graphics (DPC,SPQR)

(/usr/local/texlive/2014basic/texmf-dist/tex/latex/graphics/keyval.sty
Package: keyval 2014/05/08 v1.15 key=value parser (DPC)
\KV@toks@=\toks14
)
(/usr/local/texlive/2014basic/texmf-dist/tex/latex/graphics/graphics.sty
Package: graphics 2009/02/05 v1.0o Standard LaTeX Graphics (DPC,SPQR)

(/usr/local/texlive/2014basic/texmf-dist/tex/latex/graphics/trig.sty
Package: trig 1999/03/16 v1.09 sin cos tan (DPC)
)
(/usr/local/texlive/2014basic/texmf-dist/tex/latex/latexconfig/graphics.cfg
File: graphics.cfg 2010/04/23 v1.9 graphics configuration of TeX Live
)
Package graphics Info: Driver file: pdftex.def on input line 91.
)
\Gin@req@height=\dimen116
\Gin@req@width=\dimen117
)
(/usr/local/texlive/2014basic/texmf-dist/tex/latex/base/ifthen.sty
Package: ifthen 2001/05/26 v1.1c Standard LaTeX ifthen package (DPC)
)
\c@r@tfl@t=\count92
\rotFPtop=\skip43
\rotFPbot=\skip44
\rot@float@box=\box26
\rot@mess@toks=\toks15
)
(/usr/local/texlive/2014basic/texmf-dist/tex/latex/tools/enumerate.sty
Package: enumerate 1999/03/05 v3.00 enumerate extensions (DPC)
\@enLab=\toks16
)
(/usr/local/texlive/2014basic/texmf-dist/tex/latex/graphics/lscape.sty
Package: lscape 2000/10/22 v3.01 Landscape Pages (DPC)
)
(/usr/local/texlive/2014basic/texmf-dist/tex/latex/geometry/geometry.sty
Package: geometry 2010/09/12 v5.6 Page Geometry

(/usr/local/texlive/2014basic/texmf-dist/tex/generic/oberdiek/ifpdf.sty
Package: ifpdf 2011/01/30 v2.3 Provides the ifpdf switch (HO)
Package ifpdf Info: pdfTeX in PDF mode is detected.
)
(/usr/local/texlive/2014basic/texmf-dist/tex/generic/oberdiek/ifvtex.sty
Package: ifvtex 2010/03/01 v1.5 Detect VTeX and its facilities (HO)
Package ifvtex Info: VTeX not detected.
)
(/usr/local/texlive/2014basic/texmf-dist/tex/generic/ifxetex/ifxetex.sty
Package: ifxetex 2010/09/12 v0.6 Provides ifxetex conditional
)
\Gm@cnth=\count93
\Gm@cntv=\count94
\c@Gm@tempcnt=\count95
\Gm@bindingoffset=\dimen118
\Gm@wd@mp=\dimen119
\Gm@odd@mp=\dimen120
\Gm@even@mp=\dimen121
\Gm@layoutwidth=\dimen122
\Gm@layoutheight=\dimen123
\Gm@layouthoffset=\dimen124
\Gm@layoutvoffset=\dimen125
\Gm@dimlist=\toks17
)
(/usr/local/texlive/2014basic/texmf-dist/tex/latex/pgf/frontendlayer/tikz.sty
(/usr/local/texlive/2014basic/texmf-dist/tex/latex/pgf/basiclayer/pgf.sty
(/usr/local/texlive/2014basic/texmf-dist/tex/latex/pgf/utilities/pgfrcs.sty
(/usr/local/texlive/2014basic/texmf-dist/tex/generic/pgf/utilities/pgfutil-comm
on.tex
\pgfutil@everybye=\toks18
\pgfutil@tempdima=\dimen126
\pgfutil@tempdimb=\dimen127

(/usr/local/texlive/2014basic/texmf-dist/tex/generic/pgf/utilities/pgfutil-comm
on-lists.tex))
(/usr/local/texlive/2014basic/texmf-dist/tex/generic/pgf/utilities/pgfutil-late
x.def
\pgfutil@abb=\box27
 (/usr/local/texlive/2014basic/texmf-dist/tex/latex/ms/everyshi.sty
Package: everyshi 2001/05/15 v3.00 EveryShipout Package (MS)
))
(/usr/local/texlive/2014basic/texmf-dist/tex/generic/pgf/utilities/pgfrcs.code.
tex
Package: pgfrcs 2013/12/20 v3.0.0 (rcs-revision 1.28)
))
Package: pgf 2013/12/18 v3.0.0 (rcs-revision 1.14)

(/usr/local/texlive/2014basic/texmf-dist/tex/latex/pgf/basiclayer/pgfcore.sty
(/usr/local/texlive/2014basic/texmf-dist/tex/latex/pgf/systemlayer/pgfsys.sty
(/usr/local/texlive/2014basic/texmf-dist/tex/generic/pgf/systemlayer/pgfsys.cod
e.tex
Package: pgfsys 2013/11/30 v3.0.0 (rcs-revision 1.47)

(/usr/local/texlive/2014basic/texmf-dist/tex/generic/pgf/utilities/pgfkeys.code
.tex
\pgfkeys@pathtoks=\toks19
\pgfkeys@temptoks=\toks20

(/usr/local/texlive/2014basic/texmf-dist/tex/generic/pgf/utilities/pgfkeysfilte
red.code.tex
\pgfkeys@tmptoks=\toks21
))
\pgf@x=\dimen128
\pgf@y=\dimen129
\pgf@xa=\dimen130
\pgf@ya=\dimen131
\pgf@xb=\dimen132
\pgf@yb=\dimen133
\pgf@xc=\dimen134
\pgf@yc=\dimen135
\w@pgf@writea=\write3
\r@pgf@reada=\read1
\c@pgf@counta=\count96
\c@pgf@countb=\count97
\c@pgf@countc=\count98
\c@pgf@countd=\count99
\t@pgf@toka=\toks22
\t@pgf@tokb=\toks23
\t@pgf@tokc=\toks24

(/usr/local/texlive/2014basic/texmf-dist/tex/generic/pgf/systemlayer/pgf.cfg
File: pgf.cfg 2008/05/14  (rcs-revision 1.7)
)
Driver file for pgf: pgfsys-pdftex.def

(/usr/local/texlive/2014basic/texmf-dist/tex/generic/pgf/systemlayer/pgfsys-pdf
tex.def
File: pgfsys-pdftex.def 2013/07/18  (rcs-revision 1.33)

(/usr/local/texlive/2014basic/texmf-dist/tex/generic/pgf/systemlayer/pgfsys-com
mon-pdf.def
File: pgfsys-common-pdf.def 2013/10/10  (rcs-revision 1.13)
)))
(/usr/local/texlive/2014basic/texmf-dist/tex/generic/pgf/systemlayer/pgfsyssoft
path.code.tex
File: pgfsyssoftpath.code.tex 2013/09/09  (rcs-revision 1.9)
\pgfsyssoftpath@smallbuffer@items=\count100
\pgfsyssoftpath@bigbuffer@items=\count101
)
(/usr/local/texlive/2014basic/texmf-dist/tex/generic/pgf/systemlayer/pgfsysprot
ocol.code.tex
File: pgfsysprotocol.code.tex 2006/10/16  (rcs-revision 1.4)
))
(/usr/local/texlive/2014basic/texmf-dist/tex/latex/xcolor/xcolor.sty
Package: xcolor 2007/01/21 v2.11 LaTeX color extensions (UK)

(/usr/local/texlive/2014basic/texmf-dist/tex/latex/latexconfig/color.cfg
File: color.cfg 2007/01/18 v1.5 color configuration of teTeX/TeXLive
)
Package xcolor Info: Driver file: pdftex.def on input line 225.
LaTeX Info: Redefining \color on input line 702.
Package xcolor Info: Model `cmy' substituted by `cmy0' on input line 1337.
Package xcolor Info: Model `hsb' substituted by `rgb' on input line 1341.
Package xcolor Info: Model `RGB' extended on input line 1353.
Package xcolor Info: Model `HTML' substituted by `rgb' on input line 1355.
Package xcolor Info: Model `Hsb' substituted by `hsb' on input line 1356.
Package xcolor Info: Model `tHsb' substituted by `hsb' on input line 1357.
Package xcolor Info: Model `HSB' substituted by `hsb' on input line 1358.
Package xcolor Info: Model `Gray' substituted by `gray' on input line 1359.
Package xcolor Info: Model `wave' substituted by `hsb' on input line 1360.
)
(/usr/local/texlive/2014basic/texmf-dist/tex/generic/pgf/basiclayer/pgfcore.cod
e.tex
Package: pgfcore 2010/04/11 v3.0.0 (rcs-revision 1.7)

(/usr/local/texlive/2014basic/texmf-dist/tex/generic/pgf/math/pgfmath.code.tex
(/usr/local/texlive/2014basic/texmf-dist/tex/generic/pgf/math/pgfmathcalc.code.
tex
(/usr/local/texlive/2014basic/texmf-dist/tex/generic/pgf/math/pgfmathutil.code.
tex)
(/usr/local/texlive/2014basic/texmf-dist/tex/generic/pgf/math/pgfmathparser.cod
e.tex
\pgfmath@dimen=\dimen136
\pgfmath@count=\count102
\pgfmath@box=\box28
\pgfmath@toks=\toks25
\pgfmath@stack@operand=\toks26
\pgfmath@stack@operation=\toks27
)
(/usr/local/texlive/2014basic/texmf-dist/tex/generic/pgf/math/pgfmathfunctions.
code.tex
(/usr/local/texlive/2014basic/texmf-dist/tex/generic/pgf/math/pgfmathfunctions.
basic.code.tex)
(/usr/local/texlive/2014basic/texmf-dist/tex/generic/pgf/math/pgfmathfunctions.
trigonometric.code.tex)
(/usr/local/texlive/2014basic/texmf-dist/tex/generic/pgf/math/pgfmathfunctions.
random.code.tex)
(/usr/local/texlive/2014basic/texmf-dist/tex/generic/pgf/math/pgfmathfunctions.
comparison.code.tex)
(/usr/local/texlive/2014basic/texmf-dist/tex/generic/pgf/math/pgfmathfunctions.
base.code.tex)
(/usr/local/texlive/2014basic/texmf-dist/tex/generic/pgf/math/pgfmathfunctions.
round.code.tex)
(/usr/local/texlive/2014basic/texmf-dist/tex/generic/pgf/math/pgfmathfunctions.
misc.code.tex)
(/usr/local/texlive/2014basic/texmf-dist/tex/generic/pgf/math/pgfmathfunctions.
integerarithmetics.code.tex)))
(/usr/local/texlive/2014basic/texmf-dist/tex/generic/pgf/math/pgfmathfloat.code
.tex
\c@pgfmathroundto@lastzeros=\count103
))
(/usr/local/texlive/2014basic/texmf-dist/tex/generic/pgf/basiclayer/pgfcorepoin
ts.code.tex
File: pgfcorepoints.code.tex 2013/10/07  (rcs-revision 1.27)
\pgf@picminx=\dimen137
\pgf@picmaxx=\dimen138
\pgf@picminy=\dimen139
\pgf@picmaxy=\dimen140
\pgf@pathminx=\dimen141
\pgf@pathmaxx=\dimen142
\pgf@pathminy=\dimen143
\pgf@pathmaxy=\dimen144
\pgf@xx=\dimen145
\pgf@xy=\dimen146
\pgf@yx=\dimen147
\pgf@yy=\dimen148
\pgf@zx=\dimen149
\pgf@zy=\dimen150
)
(/usr/local/texlive/2014basic/texmf-dist/tex/generic/pgf/basiclayer/pgfcorepath
construct.code.tex
File: pgfcorepathconstruct.code.tex 2013/10/07  (rcs-revision 1.29)
\pgf@path@lastx=\dimen151
\pgf@path@lasty=\dimen152
)
(/usr/local/texlive/2014basic/texmf-dist/tex/generic/pgf/basiclayer/pgfcorepath
usage.code.tex
File: pgfcorepathusage.code.tex 2013/12/13  (rcs-revision 1.23)
\pgf@shorten@end@additional=\dimen153
\pgf@shorten@start@additional=\dimen154
)
(/usr/local/texlive/2014basic/texmf-dist/tex/generic/pgf/basiclayer/pgfcorescop
es.code.tex
File: pgfcorescopes.code.tex 2013/10/09  (rcs-revision 1.44)
\pgfpic=\box29
\pgf@hbox=\box30
\pgf@layerbox@main=\box31
\pgf@picture@serial@count=\count104
)
(/usr/local/texlive/2014basic/texmf-dist/tex/generic/pgf/basiclayer/pgfcoregrap
hicstate.code.tex
File: pgfcoregraphicstate.code.tex 2013/09/19  (rcs-revision 1.11)
\pgflinewidth=\dimen155
)
(/usr/local/texlive/2014basic/texmf-dist/tex/generic/pgf/basiclayer/pgfcoretran
sformations.code.tex
File: pgfcoretransformations.code.tex 2013/10/10  (rcs-revision 1.17)
\pgf@pt@x=\dimen156
\pgf@pt@y=\dimen157
\pgf@pt@temp=\dimen158
)
(/usr/local/texlive/2014basic/texmf-dist/tex/generic/pgf/basiclayer/pgfcorequic
k.code.tex
File: pgfcorequick.code.tex 2008/10/09  (rcs-revision 1.3)
)
(/usr/local/texlive/2014basic/texmf-dist/tex/generic/pgf/basiclayer/pgfcoreobje
cts.code.tex
File: pgfcoreobjects.code.tex 2006/10/11  (rcs-revision 1.2)
)
(/usr/local/texlive/2014basic/texmf-dist/tex/generic/pgf/basiclayer/pgfcorepath
processing.code.tex
File: pgfcorepathprocessing.code.tex 2013/09/09  (rcs-revision 1.9)
)
(/usr/local/texlive/2014basic/texmf-dist/tex/generic/pgf/basiclayer/pgfcorearro
ws.code.tex
File: pgfcorearrows.code.tex 2013/11/07  (rcs-revision 1.40)
\pgfarrowsep=\dimen159
)
(/usr/local/texlive/2014basic/texmf-dist/tex/generic/pgf/basiclayer/pgfcoreshad
e.code.tex
File: pgfcoreshade.code.tex 2013/07/15  (rcs-revision 1.15)
\pgf@max=\dimen160
\pgf@sys@shading@range@num=\count105
)
(/usr/local/texlive/2014basic/texmf-dist/tex/generic/pgf/basiclayer/pgfcoreimag
e.code.tex
File: pgfcoreimage.code.tex 2013/07/15  (rcs-revision 1.18)

(/usr/local/texlive/2014basic/texmf-dist/tex/generic/pgf/basiclayer/pgfcoreexte
rnal.code.tex
File: pgfcoreexternal.code.tex 2013/07/15  (rcs-revision 1.20)
\pgfexternal@startupbox=\box32
))
(/usr/local/texlive/2014basic/texmf-dist/tex/generic/pgf/basiclayer/pgfcorelaye
rs.code.tex
File: pgfcorelayers.code.tex 2013/07/18  (rcs-revision 1.7)
)
(/usr/local/texlive/2014basic/texmf-dist/tex/generic/pgf/basiclayer/pgfcoretran
sparency.code.tex
File: pgfcoretransparency.code.tex 2013/09/30  (rcs-revision 1.5)
)
(/usr/local/texlive/2014basic/texmf-dist/tex/generic/pgf/basiclayer/pgfcorepatt
erns.code.tex
File: pgfcorepatterns.code.tex 2013/11/07  (rcs-revision 1.5)
)))
(/usr/local/texlive/2014basic/texmf-dist/tex/generic/pgf/modules/pgfmoduleshape
s.code.tex
File: pgfmoduleshapes.code.tex 2013/10/31  (rcs-revision 1.34)
\pgfnodeparttextbox=\box33
)
(/usr/local/texlive/2014basic/texmf-dist/tex/generic/pgf/modules/pgfmoduleplot.
code.tex
File: pgfmoduleplot.code.tex 2013/07/31  (rcs-revision 1.12)
)
(/usr/local/texlive/2014basic/texmf-dist/tex/latex/pgf/compatibility/pgfcomp-ve
rsion-0-65.sty
Package: pgfcomp-version-0-65 2007/07/03 v3.0.0 (rcs-revision 1.7)
\pgf@nodesepstart=\dimen161
\pgf@nodesepend=\dimen162
)
(/usr/local/texlive/2014basic/texmf-dist/tex/latex/pgf/compatibility/pgfcomp-ve
rsion-1-18.sty
Package: pgfcomp-version-1-18 2007/07/23 v3.0.0 (rcs-revision 1.1)
))
(/usr/local/texlive/2014basic/texmf-dist/tex/latex/pgf/utilities/pgffor.sty
(/usr/local/texlive/2014basic/texmf-dist/tex/latex/pgf/utilities/pgfkeys.sty
(/usr/local/texlive/2014basic/texmf-dist/tex/generic/pgf/utilities/pgfkeys.code
.tex)) (/usr/local/texlive/2014basic/texmf-dist/tex/latex/pgf/math/pgfmath.sty
(/usr/local/texlive/2014basic/texmf-dist/tex/generic/pgf/math/pgfmath.code.tex)
)
(/usr/local/texlive/2014basic/texmf-dist/tex/generic/pgf/utilities/pgffor.code.
tex
Package: pgffor 2013/12/13 v3.0.0 (rcs-revision 1.25)

(/usr/local/texlive/2014basic/texmf-dist/tex/generic/pgf/math/pgfmath.code.tex)
\pgffor@iter=\dimen163
\pgffor@skip=\dimen164
\pgffor@stack=\toks28
\pgffor@toks=\toks29
))
(/usr/local/texlive/2014basic/texmf-dist/tex/generic/pgf/frontendlayer/tikz/tik
z.code.tex
Package: tikz 2013/12/13 v3.0.0 (rcs-revision 1.142)

(/usr/local/texlive/2014basic/texmf-dist/tex/generic/pgf/libraries/pgflibrarypl
othandlers.code.tex
File: pgflibraryplothandlers.code.tex 2013/08/31 v3.0.0 (rcs-revision 1.20)
\pgf@plot@mark@count=\count106
\pgfplotmarksize=\dimen165
)
\tikz@lastx=\dimen166
\tikz@lasty=\dimen167
\tikz@lastxsaved=\dimen168
\tikz@lastysaved=\dimen169
\tikzleveldistance=\dimen170
\tikzsiblingdistance=\dimen171
\tikz@figbox=\box34
\tikz@figbox@bg=\box35
\tikz@tempbox=\box36
\tikz@tempbox@bg=\box37
\tikztreelevel=\count107
\tikznumberofchildren=\count108
\tikznumberofcurrentchild=\count109
\tikz@fig@count=\count110

(/usr/local/texlive/2014basic/texmf-dist/tex/generic/pgf/modules/pgfmodulematri
x.code.tex
File: pgfmodulematrix.code.tex 2013/09/17  (rcs-revision 1.8)
\pgfmatrixcurrentrow=\count111
\pgfmatrixcurrentcolumn=\count112
\pgf@matrix@numberofcolumns=\count113
)
\tikz@expandcount=\count114

(/usr/local/texlive/2014basic/texmf-dist/tex/generic/pgf/frontendlayer/tikz/lib
raries/tikzlibrarytopaths.code.tex
File: tikzlibrarytopaths.code.tex 2008/06/17 v3.0.0 (rcs-revision 1.2)
)))
(/usr/local/texlive/2014basic/texmf-dist/tex/latex/hyperref/hyperref.sty
Package: hyperref 2012/11/06 v6.83m Hypertext links for LaTeX

(/usr/local/texlive/2014basic/texmf-dist/tex/generic/oberdiek/hobsub-hyperref.s
ty
Package: hobsub-hyperref 2012/05/28 v1.13 Bundle oberdiek, subset hyperref (HO)


(/usr/local/texlive/2014basic/texmf-dist/tex/generic/oberdiek/hobsub-generic.st
y
Package: hobsub-generic 2012/05/28 v1.13 Bundle oberdiek, subset generic (HO)
Package: hobsub 2012/05/28 v1.13 Construct package bundles (HO)
Package hobsub Info: Skipping package `infwarerr' (already loaded).
Package hobsub Info: Skipping package `ltxcmds' (already loaded).
Package: ifluatex 2010/03/01 v1.3 Provides the ifluatex switch (HO)
Package ifluatex Info: LuaTeX not detected.
Package hobsub Info: Skipping package `ifvtex' (already loaded).
Package: intcalc 2007/09/27 v1.1 Expandable calculations with integers (HO)
Package hobsub Info: Skipping package `ifpdf' (already loaded).
Package: etexcmds 2011/02/16 v1.5 Avoid name clashes with e-TeX commands (HO)
Package etexcmds Info: Could not find \expanded.
(etexcmds)             That can mean that you are not using pdfTeX 1.50 or
(etexcmds)             that some package has redefined \expanded.
(etexcmds)             In the latter case, load this package earlier.
Package: kvsetkeys 2012/04/25 v1.16 Key value parser (HO)
Package: kvdefinekeys 2011/04/07 v1.3 Define keys (HO)
Package: pdftexcmds 2011/11/29 v0.20 Utility functions of pdfTeX for LuaTeX (HO
)
Package pdftexcmds Info: LuaTeX not detected.
Package pdftexcmds Info: \pdf@primitive is available.
Package pdftexcmds Info: \pdf@ifprimitive is available.
Package pdftexcmds Info: \pdfdraftmode found.
Package: pdfescape 2011/11/25 v1.13 Implements pdfTeX's escape features (HO)
Package: bigintcalc 2012/04/08 v1.3 Expandable calculations on big integers (HO
)
Package: bitset 2011/01/30 v1.1 Handle bit-vector datatype (HO)
Package: uniquecounter 2011/01/30 v1.2 Provide unlimited unique counter (HO)
)
Package hobsub Info: Skipping package `hobsub' (already loaded).
Package: letltxmacro 2010/09/02 v1.4 Let assignment for LaTeX macros (HO)
Package: hopatch 2012/05/28 v1.2 Wrapper for package hooks (HO)
Package: xcolor-patch 2011/01/30 xcolor patch
Package: atveryend 2011/06/30 v1.8 Hooks at the very end of document (HO)
Package atveryend Info: \enddocument detected (standard20110627).
Package: atbegshi 2011/10/05 v1.16 At begin shipout hook (HO)
Package: refcount 2011/10/16 v3.4 Data extraction from label references (HO)
Package: hycolor 2011/01/30 v1.7 Color options for hyperref/bookmark (HO)
) (/usr/local/texlive/2014basic/texmf-dist/tex/latex/oberdiek/auxhook.sty
Package: auxhook 2011/03/04 v1.3 Hooks for auxiliary files (HO)
)
(/usr/local/texlive/2014basic/texmf-dist/tex/latex/oberdiek/kvoptions.sty
Package: kvoptions 2011/06/30 v3.11 Key value format for package options (HO)
)
\@linkdim=\dimen172
\Hy@linkcounter=\count115
\Hy@pagecounter=\count116

(/usr/local/texlive/2014basic/texmf-dist/tex/latex/hyperref/pd1enc.def
File: pd1enc.def 2012/11/06 v6.83m Hyperref: PDFDocEncoding definition (HO)
)
\Hy@SavedSpaceFactor=\count117

(/usr/local/texlive/2014basic/texmf-dist/tex/latex/latexconfig/hyperref.cfg
File: hyperref.cfg 2002/06/06 v1.2 hyperref configuration of TeXLive
)
Package hyperref Info: Option `colorlinks' set `true' on input line 4319.
Package hyperref Info: Hyper figures OFF on input line 4443.
Package hyperref Info: Link nesting OFF on input line 4448.
Package hyperref Info: Hyper index ON on input line 4451.
Package hyperref Info: Plain pages OFF on input line 4458.
Package hyperref Info: Backreferencing OFF on input line 4463.
Package hyperref Info: Implicit mode ON; LaTeX internals redefined.
Package hyperref Info: Bookmarks ON on input line 4688.
\c@Hy@tempcnt=\count118

(/usr/local/texlive/2014basic/texmf-dist/tex/latex/url/url.sty
\Urlmuskip=\muskip10
Package: url 2013/09/16  ver 3.4  Verb mode for urls, etc.
)
LaTeX Info: Redefining \url on input line 5041.
\XeTeXLinkMargin=\dimen173
\Fld@menulength=\count119
\Field@Width=\dimen174
\Fld@charsize=\dimen175
Package hyperref Info: Hyper figures OFF on input line 6295.
Package hyperref Info: Link nesting OFF on input line 6300.
Package hyperref Info: Hyper index ON on input line 6303.
Package hyperref Info: backreferencing OFF on input line 6310.
Package hyperref Info: Link coloring ON on input line 6313.
Package hyperref Info: Link coloring with OCG OFF on input line 6320.
Package hyperref Info: PDF/A mode OFF on input line 6325.
LaTeX Info: Redefining \ref on input line 6365.
LaTeX Info: Redefining \pageref on input line 6369.
\Hy@abspage=\count120
\c@Item=\count121
\c@Hfootnote=\count122
)

Package hyperref Message: Driver (autodetected): hpdftex.

(/usr/local/texlive/2014basic/texmf-dist/tex/latex/hyperref/hpdftex.def
File: hpdftex.def 2012/11/06 v6.83m Hyperref driver for pdfTeX
\Fld@listcount=\count123
\c@bookmark@seq@number=\count124

(/usr/local/texlive/2014basic/texmf-dist/tex/latex/oberdiek/rerunfilecheck.sty
Package: rerunfilecheck 2011/04/15 v1.7 Rerun checks for auxiliary files (HO)
Package uniquecounter Info: New unique counter `rerunfilecheck' on input line 2
82.
)
\Hy@SectionHShift=\skip45
) (./Medium Stakes 3 Response.aux)
\openout1 = `"Medium Stakes 3 Response.aux"'.

LaTeX Font Info:    Checking defaults for OML/cmm/m/it on input line 23.
LaTeX Font Info:    ... okay on input line 23.
LaTeX Font Info:    Checking defaults for T1/cmr/m/n on input line 23.
LaTeX Font Info:    ... okay on input line 23.
LaTeX Font Info:    Checking defaults for OT1/cmr/m/n on input line 23.
LaTeX Font Info:    ... okay on input line 23.
LaTeX Font Info:    Checking defaults for OMS/cmsy/m/n on input line 23.
LaTeX Font Info:    ... okay on input line 23.
LaTeX Font Info:    Checking defaults for OMX/cmex/m/n on input line 23.
LaTeX Font Info:    ... okay on input line 23.
LaTeX Font Info:    Checking defaults for U/cmr/m/n on input line 23.
LaTeX Font Info:    ... okay on input line 23.
LaTeX Font Info:    Checking defaults for PD1/pdf/m/n on input line 23.
LaTeX Font Info:    ... okay on input line 23.

(/usr/local/texlive/2014basic/texmf-dist/tex/context/base/supp-pdf.mkii
[Loading MPS to PDF converter (version 2006.09.02).]
\scratchcounter=\count125
\scratchdimen=\dimen176
\scratchbox=\box38
\nofMPsegments=\count126
\nofMParguments=\count127
\everyMPshowfont=\toks30
\MPscratchCnt=\count128
\MPscratchDim=\dimen177
\MPnumerator=\count129
\makeMPintoPDFobject=\count130
\everyMPtoPDFconversion=\toks31
) (/usr/local/texlive/2014basic/texmf-dist/tex/latex/oberdiek/epstopdf-base.sty
Package: epstopdf-base 2010/02/09 v2.5 Base part for package epstopdf
(/usr/local/texlive/2014basic/texmf-dist/tex/latex/oberdiek/grfext.sty
Package: grfext 2010/08/19 v1.1 Manage graphics extensions (HO)
)
Package grfext Info: Graphics extension search list:
(grfext)             [.png,.pdf,.jpg,.mps,.jpeg,.jbig2,.jb2,.PNG,.PDF,.JPG,.JPE
G,.JBIG2,.JB2,.eps]
(grfext)             \AppendGraphicsExtensions on input line 452.

(/usr/local/texlive/2014basic/texmf-dist/tex/latex/latexconfig/epstopdf-sys.cfg
File: epstopdf-sys.cfg 2010/07/13 v1.3 Configuration of (r)epstopdf for TeX Liv
e
))
*geometry* driver: auto-detecting
*geometry* detected driver: pdftex
*geometry* verbose mode - [ preamble ] result:
* driver: pdftex
* paper: <default>
* layout: <same size as paper>
* layoutoffset:(h,v)=(0.0pt,0.0pt)
* modes: 
* h-part:(L,W,R)=(93.95122pt, 426.39256pt, 93.95122pt)
* v-part:(T,H,B)=(93.95122pt, 607.06755pt, 93.95122pt)
* \paperwidth=614.295pt
* \paperheight=794.96999pt
* \textwidth=426.39256pt
* \textheight=607.06755pt
* \oddsidemargin=21.68123pt
* \evensidemargin=21.68123pt
* \topmargin=-15.31877pt
* \headheight=12.0pt
* \headsep=25.0pt
* \topskip=11.0pt
* \footskip=30.0pt
* \marginparwidth=59.0pt
* \marginparsep=10.0pt
* \columnsep=10.0pt
* \skip\footins=10.0pt plus 4.0pt minus 2.0pt
* \hoffset=0.0pt
* \voffset=0.0pt
* \mag=1000
* \@twocolumnfalse
* \@twosidefalse
* \@mparswitchfalse
* \@reversemarginfalse
* (1in=72.27pt=25.4mm, 1cm=28.453pt)

ABD: EveryShipout initializing macros
\AtBeginShipoutBox=\box39
Package hyperref Info: Link coloring ON on input line 23.

(/usr/local/texlive/2014basic/texmf-dist/tex/latex/hyperref/nameref.sty
Package: nameref 2012/10/27 v2.43 Cross-referencing by name of section

(/usr/local/texlive/2014basic/texmf-dist/tex/generic/oberdiek/gettitlestring.st
y
Package: gettitlestring 2010/12/03 v1.4 Cleanup title references (HO)
)
\c@section@level=\count131
)
LaTeX Info: Redefining \ref on input line 23.
LaTeX Info: Redefining \pageref on input line 23.
LaTeX Info: Redefining \nameref on input line 23.
 (./Medium Stakes 3 Response.out) (./Medium Stakes 3 Response.out)
\@outlinefile=\write4
\openout4 = `"Medium Stakes 3 Response.out"'.

LaTeX Font Info:    External font `cmex10' loaded for size
(Font)              <12> on input line 25.
LaTeX Font Info:    External font `cmex10' loaded for size
(Font)              <8> on input line 25.
LaTeX Font Info:    External font `cmex10' loaded for size
(Font)              <6> on input line 25.

(./Medium Stakes 3 Response.toc)
\tf@toc=\write5
\openout5 = `"Medium Stakes 3 Response.toc"'.

 [1

{/usr/local/texlive/2014basic/texmf-var/fonts/map/pdftex/updmap/pdftex.map}]
Overfull \hbox (18.08345pt too wide) in paragraph at lines 33--34
\OT1/cmr/m/n/10.95 in-clude the SQL query and re-trieved re-sults be-tween []\O
T1/cmtt/m/n/10.95 \begin{verbatim} \OT1/cmr/m/n/10.95 and []\OT1/cmtt/m/n/10.95
 \end{verbatim}\OT1/cmr/m/n/10.95 . 
 []

<1.png, id=37, 696.6025pt x 252.945pt>
File: 1.png Graphic file (type png)
 <use 1.png>
Package pdftex.def Info: 1.png used on input line 44.
(pdftex.def)             Requested size: 348.3004pt x 126.47218pt.

<2.png, id=39, 692.5875pt x 229.85875pt>
File: 2.png Graphic file (type png)
 <use 2.png>
Package pdftex.def Info: 2.png used on input line 53.
(pdftex.def)             Requested size: 346.2929pt x 114.92908pt.

<3.png, id=40, 693.59125pt x 85.50253pt>
File: 3.png Graphic file (type png)
 <use 3.png>
Package pdftex.def Info: 3.png used on input line 62.
(pdftex.def)             Requested size: 346.79477pt x 42.75114pt.
 [2 <./1.png> <./2.png> <./3.png>] <4.png, id=53, 692.5875pt x 40.7155pt>
File: 4.png Graphic file (type png)
 <use 4.png>
Package pdftex.def Info: 4.png used on input line 72.
(pdftex.def)             Requested size: 346.2929pt x 20.35768pt.

<5.png, id=54, 696.6025pt x 230.8625pt>
File: 5.png Graphic file (type png)
 <use 5.png>
Package pdftex.def Info: 5.png used on input line 82.
(pdftex.def)             Requested size: 348.3004pt x 115.43095pt.

<6.png, id=55, 694.595pt x 230.8625pt>
File: 6.png Graphic file (type png)
 <use 6.png>
Package pdftex.def Info: 6.png used on input line 92.
(pdftex.def)             Requested size: 347.29665pt x 115.43095pt.

<7.png, id=56, 693.59125pt x 42.75127pt>
File: 7.png Graphic file (type png)
 <use 7.png>
Package pdftex.def Info: 7.png used on input line 102.
(pdftex.def)             Requested size: 346.79477pt x 21.37556pt.
 [3 <./4.png> <./5.png> <./6.png>] <8.png, id=68, 696.6025pt x 43.76915pt>
File: 8.png Graphic file (type png)
 <use 8.png>
Package pdftex.def Info: 8.png used on input line 112.
(pdftex.def)             Requested size: 348.3004pt x 21.8845pt.

<9.png, id=69, 699.61375pt x 84.315pt>
File: 9.png Graphic file (type png)
 <use 9.png>
Package pdftex.def Info: 9.png used on input line 122.
(pdftex.def)             Requested size: 349.80602pt x 42.15738pt.

<10.png, id=70, 698.61pt x 338.26375pt>
File: 10.png Graphic file (type png)
 <use 10.png>
Package pdftex.def Info: 10.png used on input line 131.
(pdftex.def)             Requested size: 349.30414pt x 169.13145pt.

<11.png, id=71, 694.595pt x 231.86626pt>
File: 11.png Graphic file (type png)
 <use 11.png>
Package pdftex.def Info: 11.png used on input line 140.
(pdftex.def)             Requested size: 347.29665pt x 115.93283pt.
 [4 <./7.png> <./8.png> <./9.png> <./10.png>] <12.png, id=84, 693.59125pt x 229
.85875pt>
File: 12.png Graphic file (type png)
 <use 12.png>
Package pdftex.def Info: 12.png used on input line 149.
(pdftex.def)             Requested size: 346.79477pt x 114.92908pt.

<13.png, id=85, 697.60625pt x 105.39375pt>
File: 13.png Graphic file (type png)
 <use 13.png>
Package pdftex.def Info: 13.png used on input line 159.
(pdftex.def)             Requested size: 348.80226pt x 52.69673pt.

<14.png, id=86, 694.595pt x 41.73338pt>
File: 14.png Graphic file (type png)
 <use 14.png>
Package pdftex.def Info: 14.png used on input line 171.
(pdftex.def)             Requested size: 347.29665pt x 20.86664pt.
 [5 <./11.png> <./12.png> <./13.png>] <15.png, id=97, 694.595pt x 249.93375pt>
File: 15.png Graphic file (type png)
 <use 15.png>
Package pdftex.def Info: 15.png used on input line 183.
(pdftex.def)             Requested size: 347.29665pt x 124.96657pt.

<16.png, id=98, 695.59875pt x 227.85126pt>
File: 16.png Graphic file (type png)
 <use 16.png>
Package pdftex.def Info: 16.png used on input line 199.
(pdftex.def)             Requested size: 347.79852pt x 113.92534pt.
 [6 <./14.png> <./15.png> <./16.png>] <17.png, id=109, 695.59875pt x 44.165pt>
File: 17.png Graphic file (type png)
 <use 17.png>
Package pdftex.def Info: 17.png used on input line 211.
(pdftex.def)             Requested size: 347.79852pt x 22.08243pt.

<18.png, id=110, 688.5725pt x 230.8625pt>
File: 18.png Graphic file (type png)
 <use 18.png>
Package pdftex.def Info: 18.png used on input line 223.
(pdftex.def)             Requested size: 344.2854pt x 115.43095pt.

<19.png, id=111, 686.565pt x 86.3225pt>
File: 19.png Graphic file (type png)
 <use 19.png>
Package pdftex.def Info: 19.png used on input line 235.
(pdftex.def)             Requested size: 343.28166pt x 43.16113pt.

<20.png, id=112, 697.60625pt x 124.465pt>
File: 20.png Graphic file (type png)
 <use 20.png>
Package pdftex.def Info: 20.png used on input line 247.
(pdftex.def)             Requested size: 348.80226pt x 62.23235pt.
 [7 <./17.png> <./18.png> <./19.png>] <21.png, id=124, 695.59875pt x 62.09113pt
>
File: 21.png Graphic file (type png)
 <use 21.png>
Package pdftex.def Info: 21.png used on input line 258.
(pdftex.def)             Requested size: 347.79852pt x 31.04547pt.

<22.png, id=125, 689.57625pt x 36.135pt>
File: 22.png Graphic file (type png)
 <use 22.png>
Package pdftex.def Info: 22.png used on input line 269.
(pdftex.def)             Requested size: 344.78728pt x 18.06744pt.

<23.png, id=126, 691.58376pt x 41.73338pt>
File: 23.png Graphic file (type png)
 <use 23.png>
Package pdftex.def Info: 23.png used on input line 280.
(pdftex.def)             Requested size: 345.79103pt x 20.86664pt.

<24.png, id=127, 694.595pt x 41.73338pt>
File: 24.png Graphic file (type png)
 <use 24.png>
Package pdftex.def Info: 24.png used on input line 291.
(pdftex.def)             Requested size: 347.29665pt x 20.86664pt.
 [8 <./20.png> <./21.png> <./22.png> <./23.png> <./24.png>] <25.png, id=141, 69
3.59125pt x 38.1425pt>
File: 25.png Graphic file (type png)

<use 25.png>
Package pdftex.def Info: 25.png used on input line 302.
(pdftex.def)             Requested size: 346.79477pt x 19.0712pt.
 <26.png, id=142, 695.59875pt x 59.03746pt>
File: 26.png Graphic file (type png)
 <use 26.png>
Package pdftex.def Info: 26.png used on input line 314.
(pdftex.def)             Requested size: 347.79852pt x 29.51865pt.

<27.png, id=143, 691.58376pt x 102.80663pt>
File: 27.png Graphic file (type png)
 <use 27.png>
Package pdftex.def Info: 27.png used on input line 326.
(pdftex.def)             Requested size: 345.79103pt x 51.40318pt.

<28.png, id=144, 697.60625pt x 82.3075pt>
File: 28.png Graphic file (type png)
 <use 28.png>
Package pdftex.def Info: 28.png used on input line 338.
(pdftex.def)             Requested size: 348.80226pt x 41.15364pt.
 [9 <./25.png> <./26.png> <./27.png>] <29.png, id=156, 694.595pt x 43.76915pt>
File: 29.png Graphic file (type png)
 <use 29.png>
Package pdftex.def Info: 29.png used on input line 354.
(pdftex.def)             Requested size: 347.29665pt x 21.8845pt.

<30.png, id=157, 697.60625pt x 227.85126pt>
File: 30.png Graphic file (type png)
 <use 30.png>
Package pdftex.def Info: 30.png used on input line 366.
(pdftex.def)             Requested size: 348.80226pt x 113.92534pt.

<31a.png, id=158, 681.54625pt x 547.04375pt>
File: 31a.png Graphic file (type png)
 <use 31a.png>
Package pdftex.def Info: 31a.png used on input line 377.
(pdftex.def)             Requested size: 340.7723pt x 273.5212pt.

<31b.png, id=159, 684.5575pt x 546.04pt>
File: 31b.png Graphic file (type png)
 <use 31b.png>
Package pdftex.def Info: 31b.png used on input line 378.
(pdftex.def)             Requested size: 342.27791pt x 273.01933pt.

<31c.png, id=160, 682.55pt x 548.0475pt>
File: 31c.png Graphic file (type png)
 <use 31c.png>
Package pdftex.def Info: 31c.png used on input line 379.
(pdftex.def)             Requested size: 341.27417pt x 274.02307pt.

<31d.png, id=161, 685.56125pt x 249.93375pt>
File: 31d.png Graphic file (type png)
 <use 31d.png>
Package pdftex.def Info: 31d.png used on input line 380.
(pdftex.def)             Requested size: 342.77979pt x 124.96657pt.
 [10 <./28.png> <./29.png> <./30.png>] [11 <./31a.png> <./31b.png>]
<32.png, id=178, 695.59875pt x 39.6976pt>
File: 32.png Graphic file (type png)
 <use 32.png>
Package pdftex.def Info: 32.png used on input line 391.
(pdftex.def)             Requested size: 347.79852pt x 19.84874pt.
 [12 <./31c.png> <./31d.png> <./32.png>] <34.png, id=188, 698.61pt x 231.86626p
t>
File: 34.png Graphic file (type png)
 <use 34.png>
Package pdftex.def Info: 34.png used on input line 411.
(pdftex.def)             Requested size: 349.30414pt x 115.93283pt.

<35.png, id=189, 696.6025pt x 230.8625pt>
File: 35.png Graphic file (type png)
 <use 35.png>
Package pdftex.def Info: 35.png used on input line 424.
(pdftex.def)             Requested size: 348.3004pt x 115.43095pt.

<36.png, id=190, 697.60625pt x 147.55125pt>
File: 36.png Graphic file (type png)
 <use 36.png>
Package pdftex.def Info: 36.png used on input line 437.
(pdftex.def)             Requested size: 348.80226pt x 73.77544pt.
 [13 <./34.png> <./35.png>] <38.png, id=201, 696.6025pt x 228.855pt>
File: 38.png Graphic file (type png)
 <use 38.png>
Package pdftex.def Info: 38.png used on input line 457.
(pdftex.def)             Requested size: 348.3004pt x 114.42722pt.

<39.png, id=202, 695.59875pt x 229.85875pt>
File: 39.png Graphic file (type png)
 <use 39.png>
Package pdftex.def Info: 39.png used on input line 470.
(pdftex.def)             Requested size: 347.79852pt x 114.92908pt.
 [14 <./36.png> <./38.png>] <40.png, id=212, 695.59875pt x 253.94875pt>
File: 40.png Graphic file (type png)
 <use 40.png>
Package pdftex.def Info: 40.png used on input line 482.
(pdftex.def)             Requested size: 347.79852pt x 126.97406pt.
 [15 <./39.png> <./40.png>] <42.png, id=224, 695.59875pt x 81.30376pt>
File: 42.png Graphic file (type png)
 <use 42.png>
Package pdftex.def Info: 42.png used on input line 509.
(pdftex.def)             Requested size: 347.79852pt x 40.65176pt.

<43.png, id=225, 695.59875pt x 125.46875pt>
File: 43.png Graphic file (type png)
 <use 43.png>
Package pdftex.def Info: 43.png used on input line 527.
(pdftex.def)             Requested size: 347.79852pt x 62.7342pt.
 [16 <./42.png> <./43.png>] <44.png, id=234, 696.6025pt x 250.9375pt>
File: 44.png Graphic file (type png)
 <use 44.png>
Package pdftex.def Info: 44.png used on input line 546.
(pdftex.def)             Requested size: 348.3004pt x 125.46843pt.

<45.png, id=235, 694.595pt x 441.65pt>
File: 45.png Graphic file (type png)
 <use 45.png>
Package pdftex.def Info: 45.png used on input line 563.
(pdftex.def)             Requested size: 347.29665pt x 220.82445pt.
 [17 <./44.png> <./45.png>]
<46.png, id=243, 696.6025pt x 63.10901pt>
File: 46.png Graphic file (type png)
 <use 46.png>
Package pdftex.def Info: 46.png used on input line 578.
(pdftex.def)             Requested size: 348.3004pt x 31.55441pt.

<47.png, id=244, 693.59125pt x 83.46677pt>
File: 47.png Graphic file (type png)
 <use 47.png>
Package pdftex.def Info: 47.png used on input line 592.
(pdftex.def)             Requested size: 346.79477pt x 41.73328pt.

<48.png, id=245, 695.59875pt x 253.94875pt>
File: 48.png Graphic file (type png)
 <use 48.png>
Package pdftex.def Info: 48.png used on input line 607.
(pdftex.def)             Requested size: 347.79852pt x 126.97406pt.
 [18 <./46.png> <./47.png>]
Overfull \hbox (210.3434pt too wide) in paragraph at lines 617--617
 []\OT1/cmtt/m/n/10.95 SELECT STUDENT.sid, STUDENT.lname, COURSE.cname, SECTION
.cid, SECTION.term, SECTION.year, ENROLLMENT.grade[] 
 []


Overfull \hbox (141.35915pt too wide) in paragraph at lines 617--617
 []\OT1/cmtt/m/n/10.95 WHERE STUDENT.sid=ENROLLMENT.sid AND ENROLLMENT.secid=SE
CTION.secid AND COURSE.cid=SECTION.cid[] 
 []

<49.png, id=255, 698.61pt x 229.85875pt>
File: 49.png Graphic file (type png)
 <use 49.png>
Package pdftex.def Info: 49.png used on input line 619.
(pdftex.def)             Requested size: 349.30414pt x 114.92908pt.
LaTeX Font Info:    External font `cmex10' loaded for size
(Font)              <10.95> on input line 635.
 [19 <./48.png> <./49.png>]
Underfull \hbox (badness 10000) in paragraph at lines 651--651
[]\OT1/cmr/m/n/10.95 Precise and con-cise
 []


Underfull \hbox (badness 4556) in paragraph at lines 651--651
\OT1/cmr/m/n/10.95 prob-lem is cor-rectly
 []


Underfull \hbox (badness 2538) in paragraph at lines 651--651
\OT1/cmr/m/n/10.95 and thor-oughly an-a-
 []


Underfull \hbox (badness 1688) in paragraph at lines 652--652
[]\OT1/cmr/m/n/10.95 Sufficient doc-u-men-ta-
 []


Underfull \hbox (badness 1472) in paragraph at lines 652--652
\OT1/cmr/m/n/10.95 tion, though ver-bose
 []


Underfull \hbox (badness 1019) in paragraph at lines 652--652
\OT1/cmr/m/n/10.95 and non-coherent, to
 []


Underfull \hbox (badness 3333) in paragraph at lines 652--652
\OT1/cmr/m/n/10.95 the prob-lem is cor-
 []


Underfull \hbox (badness 1571) in paragraph at lines 652--652
\OT1/cmr/m/n/10.95 rectly an-a-lyzed prior
 []


Underfull \hbox (badness 10000) in paragraph at lines 653--653
[]\OT1/cmr/m/n/10.95 Some doc-u-men-ta-tion
 []


Underfull \hbox (badness 2418) in paragraph at lines 653--653
\OT1/cmr/m/n/10.95 that the prob-lem is
 []


Underfull \hbox (badness 3219) in paragraph at lines 653--653
\OT1/cmr/m/n/10.95 su-per-fi-cially an-a-lyzed
 []


Underfull \hbox (badness 2150) in paragraph at lines 653--653
\OT1/cmr/m/n/10.95 prior to writ-ing the
 []


Underfull \hbox (badness 2591) in paragraph at lines 654--654
\OT1/cmr/m/n/10.95 port the claim that
 []


Underfull \hbox (badness 2150) in paragraph at lines 654--654
\OT1/cmr/m/n/10.95 the prob-lem is an-a-
 []


Underfull \hbox (badness 6428) in paragraph at lines 658--658
[]\OT1/cmr/m/n/10.95 The query com-piles
 []


Underfull \hbox (badness 1122) in paragraph at lines 658--658
\OT1/cmr/m/n/10.95 and pro-duces cor-rect
 []


Underfull \hbox (badness 3919) in paragraph at lines 658--658
\OT1/cmr/m/n/10.95 re-sults. Also, the
 []


Underfull \hbox (badness 8170) in paragraph at lines 659--659
\OT1/cmr/m/n/10.95 query com-piles and
 []


Underfull \hbox (badness 4531) in paragraph at lines 659--659
\OT1/cmr/m/n/10.95 pro-duces cor-rect re-
 []


Underfull \hbox (badness 6428) in paragraph at lines 660--660
[]\OT1/cmr/m/n/10.95 The query com-piles
 []


Underfull \hbox (badness 2027) in paragraph at lines 661--661
[]\OT1/cmr/m/n/10.95 The query does not
 []


Underfull \hbox (badness 2689) in paragraph at lines 667--667
[]\OT1/cmr/m/n/10.95 There are no state-
 []


Underfull \hbox (badness 10000) in paragraph at lines 671--671
\OT1/cmr/m/n/10.95 com-pile and run.
 []


Underfull \hbox (badness 10000) in paragraph at lines 671--671
\OT1/cmr/m/n/10.95 Prob-lem anal-y-sis
 []


Underfull \hbox (badness 10000) in paragraph at lines 671--671
\OT1/cmr/m/n/10.95 doc-u-men-ta-tion and
 []


Underfull \hbox (badness 7504) in paragraph at lines 672--672
\OT1/cmr/m/n/10.95 pro-vided. Queries
 []


Underfull \hbox (badness 10000) in paragraph at lines 672--672
\OT1/cmr/m/n/10.95 com-pile and run.
 []


Underfull \hbox (badness 10000) in paragraph at lines 672--672
\OT1/cmr/m/n/10.95 Prob-lem anal-y-sis
 []


Underfull \hbox (badness 10000) in paragraph at lines 672--672
\OT1/cmr/m/n/10.95 doc-u-men-ta-tion and
 []


Underfull \hbox (badness 7504) in paragraph at lines 673--673
\OT1/cmr/m/n/10.95 pro-vided. Queries
 []


Underfull \hbox (badness 10000) in paragraph at lines 673--673
\OT1/cmr/m/n/10.95 com-pile and run.
 []


Underfull \hbox (badness 10000) in paragraph at lines 673--673
\OT1/cmr/m/n/10.95 Prob-lem anal-y-sis
 []


Underfull \hbox (badness 10000) in paragraph at lines 673--673
\OT1/cmr/m/n/10.95 doc-u-men-ta-tion and
 []


Underfull \hbox (badness 7504) in paragraph at lines 674--674
\OT1/cmr/m/n/10.95 pro-vided. Queries
 []


Underfull \hbox (badness 10000) in paragraph at lines 674--674
\OT1/cmr/m/n/10.95 com-pile and run.
 []


Underfull \hbox (badness 10000) in paragraph at lines 674--674
\OT1/cmr/m/n/10.95 Prob-lem anal-y-sis
 []


Underfull \hbox (badness 10000) in paragraph at lines 674--674
\OT1/cmr/m/n/10.95 doc-u-men-ta-tion and
 []

[20

]
Overfull \vbox (13.41353pt too high) has occurred while \output is active []


[21] [22

]
Package atveryend Info: Empty hook `BeforeClearDocument' on input line 705.
Package atveryend Info: Empty hook `AfterLastShipout' on input line 705.
 (./Medium Stakes 3 Response.aux)
Package atveryend Info: Executing hook `AtVeryEndDocument' on input line 705.
Package atveryend Info: Executing hook `AtEndAfterFileList' on input line 705.
Package rerunfilecheck Info: File `"Medium Stakes 3 Response".out' has not chan
ged.
(rerunfilecheck)             Checksum: 74B733168FCA2DABE6267C6E52868ECE;196.
Package atveryend Info: Empty hook `AtVeryVeryEnd' on input line 705.
 ) 
Here is how much of TeX's memory you used:
 15798 strings out of 494522
 298863 string characters out of 6167205
 359321 words of memory out of 5000000
 18673 multiletter control sequences out of 15000+600000
 9018 words of font info for 32 fonts, out of 8000000 for 9000
 319 hyphenation exceptions out of 8191
 55i,13n,54p,498b,589s stack positions out of 5000i,500n,10000p,200000b,80000s
</usr/local/texlive/2014basic/texmf-dist/fonts/type1/public/amsfonts/cm/cmbx1
0.pfb></usr/local/texlive/2014basic/texmf-dist/fonts/type1/public/amsfonts/cm/c
mbx12.pfb></usr/local/texlive/2014basic/texmf-dist/fonts/type1/public/amsfonts/
cm/cmr10.pfb></usr/local/texlive/2014basic/texmf-dist/fonts/type1/public/amsfon
ts/cm/cmr12.pfb></usr/local/texlive/2014basic/texmf-dist/fonts/type1/public/ams
fonts/cm/cmr17.pfb></usr/local/texlive/2014basic/texmf-dist/fonts/type1/public/
amsfonts/cm/cmr8.pfb></usr/local/texlive/2014basic/texmf-dist/fonts/type1/publi
c/amsfonts/cm/cmti10.pfb></usr/local/texlive/2014basic/texmf-dist/fonts/type1/p
ublic/amsfonts/cm/cmtt10.pfb>
Output written on "Medium Stakes 3 Response.pdf" (22 pages, 1110307 bytes).
PDF statistics:
 325 PDF objects out of 1000 (max. 8388607)
 193 compressed objects within 2 object streams
 78 named destinations out of 1000 (max. 500000)
 290 words of extra memory for PDF output out of 10000 (max. 10000000)

